[INFO ] 2024-01-19 08:34:12.732 [main] addtocarthome - Navigating to the URL
[INFO ] 2024-01-19 08:34:17.765 [main] addtocarthome - user searches for sofa
[INFO ] 2024-01-19 08:34:20.723 [main] addtocarthome - Then adds item to cart
[INFO ] 2024-01-19 08:34:22.028 [main] addtocarthome - Navigating to the URL
[INFO ] 2024-01-19 08:34:26.357 [main] addtocarthome - user searches for sofa
[INFO ] 2024-01-19 08:34:28.967 [main] addtocarthome - Then adds item to cart
[INFO ] 2024-01-19 08:47:06.789 [main] addtocarthome - Navigating to the URL
[INFO ] 2024-01-19 08:47:07.327 [main] addtocarthome - user searches for sofa
[INFO ] 2024-01-19 08:47:13.232 [main] addtocarthome - Then adds item to cart
[INFO ] 2024-01-19 08:47:13.428 [main] addtocarthome - Then removes item from cart
[INFO ] 2024-01-19 08:47:17.436 [main] addtocarthome - Navigating to the URL
[INFO ] 2024-01-19 08:47:21.650 [main] addtocarthome - user searches for sofa
[INFO ] 2024-01-19 08:47:23.333 [main] addtocarthome - Then adds item to cart
[INFO ] 2024-01-19 08:57:49.229 [main] addtocarthome - Navigating to the URL
[INFO ] 2024-01-19 08:57:53.168 [main] addtocarthome - user searches for sofa
[INFO ] 2024-01-19 08:57:55.552 [main] addtocarthome - Then adds item to cart
[INFO ] 2024-01-19 08:57:55.717 [main] addtocarthome - Then removes item from cart
[INFO ] 2024-01-19 08:57:59.864 [main] addtocarthome - Navigating to the URL
[INFO ] 2024-01-19 08:58:03.442 [main] addtocarthome - user searches for sofa
[INFO ] 2024-01-19 08:58:05.732 [main] addtocarthome - Then adds item to cart
[INFO ] 2024-01-19 09:34:17.213 [main] addtocarthome - Navigating to the URL
[INFO ] 2024-01-19 09:34:21.460 [main] addtocarthome - user searches for sofa
[INFO ] 2024-01-19 09:34:24.111 [main] addtocarthome - Then adds item to cart
[INFO ] 2024-01-19 09:34:24.332 [main] addtocarthome - Then removes item from cart
[INFO ] 2024-01-19 09:34:28.428 [main] addtocarthome - Navigating to the URL
[INFO ] 2024-01-19 09:34:32.225 [main] addtocarthome - user searches for sofa
[INFO ] 2024-01-19 09:34:34.525 [main] addtocarthome - Then adds item to cart
[INFO ] 2024-01-19 09:35:01.476 [main] addtocarthome - Navigating to the URL
[INFO ] 2024-01-19 09:35:03.659 [main] addtocarthome - user searches for sofa
[INFO ] 2024-01-19 09:35:06.078 [main] addtocarthome - Then adds item to cart
[INFO ] 2024-01-19 09:35:06.191 [main] addtocarthome - Then removes item from cart
[INFO ] 2024-01-19 09:35:10.191 [main] addtocarthome - Navigating to the URL
[INFO ] 2024-01-19 09:35:15.395 [main] addtocarthome - user searches for sofa
[INFO ] 2024-01-19 09:35:17.516 [main] addtocarthome - Then adds item to cart
[INFO ] 2024-01-19 09:35:35.151 [main] addtocarthome - Navigating to the URL
[INFO ] 2024-01-19 09:35:37.336 [main] addtocarthome - user searches for sofa
[INFO ] 2024-01-19 09:35:38.330 [main] addtocarthome - Navigating to the URL
[INFO ] 2024-01-19 09:35:40.780 [main] addtocarthome - user searches for sofa
[INFO ] 2024-01-19 09:35:42.972 [main] addtocarthome - Then adds item to cart
[INFO ] 2024-01-19 09:36:01.845 [main] addtocarthome - Navigating to the URL
[INFO ] 2024-01-19 09:36:04.728 [main] addtocarthome - user searches for sofa
[INFO ] 2024-01-19 09:36:06.859 [main] addtocarthome - Then adds item to cart
[INFO ] 2024-01-19 09:36:06.951 [main] addtocarthome - Then removes item from cart
[INFO ] 2024-01-19 09:36:11.149 [main] addtocarthome - Navigating to the URL
[INFO ] 2024-01-19 09:36:14.493 [main] addtocarthome - user searches for sofa
[INFO ] 2024-01-19 09:36:16.666 [main] addtocarthome - Then adds item to cart
[INFO ] 2024-01-19 12:51:29.203 [main] addtocarthome - Navigating to the URL
[INFO ] 2024-01-19 12:51:34.356 [main] addtocarthome - user searches for sofa
[INFO ] 2024-01-19 12:51:37.007 [main] addtocarthome - Then adds item to cart
[INFO ] 2024-01-19 12:51:37.149 [main] addtocarthome - Then removes item from cart
[INFO ] 2024-01-19 12:51:41.311 [main] addtocarthome - Navigating to the URL
[INFO ] 2024-01-19 12:51:45.913 [main] addtocarthome - user searches for sofa
[INFO ] 2024-01-19 12:51:48.422 [main] addtocarthome - Then adds item to cart
[INFO ] 2024-01-19 12:57:46.622 [main] addtocarthome - Navigating to the URL
[INFO ] 2024-01-19 12:57:52.173 [main] addtocarthome - user searches for sofa
[INFO ] 2024-01-19 12:57:53.530 [main] addtocarthome - Navigating to the URL
[INFO ] 2024-01-19 12:57:57.122 [main] addtocarthome - user searches for sofa
[INFO ] 2024-01-19 12:58:51.081 [main] addtocarthome - Navigating to the URL
[INFO ] 2024-01-19 12:58:55.108 [main] addtocarthome - user searches for sofa
[INFO ] 2024-01-19 12:58:58.221 [main] addtocarthome - Then adds item to cart
[INFO ] 2024-01-19 12:58:59.530 [main] addtocarthome - Navigating to the URL
[INFO ] 2024-01-19 12:59:04.175 [main] addtocarthome - user searches for sofa
[INFO ] 2024-01-19 12:59:06.513 [main] addtocarthome - Then adds item to cart
[INFO ] 2024-01-19 13:00:17.240 [main] addtocarthome - Navigating to the URL
[INFO ] 2024-01-19 13:00:20.615 [main] addtocarthome - user searches for sofa
[INFO ] 2024-01-19 13:00:23.369 [main] addtocarthome - Then adds item to cart
[INFO ] 2024-01-19 13:00:23.465 [main] addtocarthome - Then removes item from cart
[INFO ] 2024-01-19 13:00:27.634 [main] addtocarthome - Navigating to the URL
[INFO ] 2024-01-19 13:00:32.355 [main] addtocarthome - user searches for sofa
[INFO ] 2024-01-19 13:00:34.836 [main] addtocarthome - Then adds item to cart
[INFO ] 2024-01-19 13:01:17.653 [main] addtocarthome - Navigating to the URL
[INFO ] 2024-01-19 13:01:20.526 [main] addtocarthome - user searches for sofa
[INFO ] 2024-01-19 13:01:23.480 [main] addtocarthome - Then adds item to cart
[INFO ] 2024-01-19 13:01:23.617 [main] addtocarthome - Then removes item from cart
[INFO ] 2024-01-19 13:01:27.715 [main] addtocarthome - Navigating to the URL
[INFO ] 2024-01-19 13:01:32.377 [main] addtocarthome - user searches for sofa
[INFO ] 2024-01-19 13:01:34.533 [main] addtocarthome - Then adds item to cart
[INFO ] 2024-01-19 13:22:38.028 [main] addtocarthome - Navigating to the URL
[INFO ] 2024-01-19 13:22:41.324 [main] addtocarthome - user searches for sofa
[INFO ] 2024-01-19 13:22:43.949 [main] addtocarthome - Then adds item to cart
[INFO ] 2024-01-19 13:22:45.399 [main] addtocarthome - Navigating to the URL
[INFO ] 2024-01-19 13:22:52.387 [main] addtocarthome - user searches for sofa
[INFO ] 2024-01-19 13:22:55.057 [main] addtocarthome - Then adds item to cart
[INFO ] 2024-01-19 13:39:13.648 [main] addtocarthome - Navigating to the URL
[INFO ] 2024-01-19 13:39:18.030 [main] addtocarthome - Then adds item to cart
[INFO ] 2024-01-19 13:39:19.447 [main] addtocarthome - Navigating to the URL
[INFO ] 2024-01-19 13:39:27.678 [main] addtocarthome - Then adds item to cart
[INFO ] 2024-01-19 13:46:26.646 [main] addtocarthome - Navigating to the URL
[INFO ] 2024-01-19 13:46:33.857 [main] addtocarthome - Then adds item to cart
[INFO ] 2024-01-19 13:46:35.170 [main] addtocarthome - Navigating to the URL
[INFO ] 2024-01-19 13:46:40.805 [main] addtocarthome - Then adds item to cart
[INFO ] 2024-01-19 13:54:02.195 [main] addtocarthome - Navigating to the URL
[INFO ] 2024-01-19 13:54:10.294 [main] addtocarthome - Navigating to the URL
[INFO ] 2024-01-19 13:57:40.250 [main] addtocarthome - Navigating to the URL
[INFO ] 2024-01-19 13:57:46.093 [main] addtocarthome - user searches for sofa
[INFO ] 2024-01-19 13:57:48.754 [main] addtocarthome - Then adds item to cart
[INFO ] 2024-01-19 13:57:48.897 [main] addtocarthome - Then removes item from cart
[INFO ] 2024-01-19 13:57:53.407 [main] addtocarthome - Navigating to the URL
[INFO ] 2024-01-19 13:57:57.855 [main] addtocarthome - user searches for sofa
[INFO ] 2024-01-19 13:58:00.320 [main] addtocarthome - Then adds item to cart
[INFO ] 2024-01-19 14:01:21.211 [main] addtocarthome - Navigating to the URL
[INFO ] 2024-01-19 14:01:27.686 [main] addtocarthome - user searches for sofa
[INFO ] 2024-01-19 14:01:30.277 [main] addtocarthome - Then adds item to cart
[INFO ] 2024-01-19 14:01:30.463 [main] addtocarthome - Then removes item from cart
[INFO ] 2024-01-19 14:01:34.590 [main] addtocarthome - Navigating to the URL
[INFO ] 2024-01-19 14:01:40.576 [main] addtocarthome - user searches for sofa
[INFO ] 2024-01-19 14:01:42.680 [main] addtocarthome - Then adds item to cart
[INFO ] 2024-01-19 16:04:28.939 [main] addtocarthome - Navigating to the URL
[INFO ] 2024-01-19 16:04:37.255 [main] addtocarthome - user searches for sofa
[INFO ] 2024-01-19 16:04:40.608 [main] addtocarthome - Then adds item to cart
[INFO ] 2024-01-19 16:04:40.701 [main] addtocarthome - Then removes item from cart
[INFO ] 2024-01-19 16:04:44.871 [main] addtocarthome - Navigating to the URL
[INFO ] 2024-01-19 16:04:50.531 [main] addtocarthome - user searches for sofa
[INFO ] 2024-01-19 16:04:52.668 [main] addtocarthome - Then adds item to cart
[INFO ] 2024-01-19 18:05:59.719 [main] addtocarthome - Navigating to the URL
[INFO ] 2024-01-19 18:06:04.287 [main] addtocarthome - user searches for sofa
[INFO ] 2024-01-19 18:06:08.772 [main] addtocarthome - Navigating to the URL
[INFO ] 2024-01-19 18:06:12.782 [main] addtocarthome - user searches for sofa
[INFO ] 2024-01-19 18:07:31.884 [main] addtocarthome - Navigating to the URL
[INFO ] 2024-01-19 18:07:32.278 [main] addtocarthome - user searches for sofa
[INFO ] 2024-01-19 18:07:38.830 [main] addtocarthome - Navigating to the URL
[INFO ] 2024-01-19 18:07:41.997 [main] addtocarthome - user searches for sofa
[INFO ] 2024-01-19 18:14:16.470 [main] addtocarthome - Navigating to the URL
[INFO ] 2024-01-19 18:14:21.028 [main] addtocarthome - user searches for sofa
[INFO ] 2024-01-19 18:14:21.282 [main] addtocarthome - Then adds item to cart
[INFO ] 2024-01-19 18:14:30.108 [main] addtocarthome - Navigating to the URL
[INFO ] 2024-01-19 18:14:36.158 [main] addtocarthome - user searches for sofa
[INFO ] 2024-01-19 18:14:36.388 [main] addtocarthome - Then adds item to cart
[INFO ] 2024-01-19 18:17:01.285 [main] addtocarthome - Navigating to the URL
[INFO ] 2024-01-19 18:17:15.398 [main] addtocarthome - user searches for sofa
[INFO ] 2024-01-19 18:17:15.790 [main] addtocarthome - Then adds item to cart
[INFO ] 2024-01-19 18:17:16.853 [main] addtocarthome - Then removes item from cart
[INFO ] 2024-01-19 18:17:21.104 [main] addtocarthome - Navigating to the URL
[INFO ] 2024-01-19 18:17:27.083 [main] addtocarthome - user searches for sofa
[INFO ] 2024-01-19 18:17:27.306 [main] addtocarthome - Then adds item to cart
[INFO ] 2024-01-19 18:18:20.023 [main] addtocarthome - Navigating to the URL
[INFO ] 2024-01-19 18:18:27.614 [main] addtocarthome - user searches for sofa
[INFO ] 2024-01-19 18:18:27.897 [main] addtocarthome - Then adds item to cart
[INFO ] 2024-01-19 18:18:28.501 [main] addtocarthome - Then removes item from cart
[INFO ] 2024-01-19 18:18:32.844 [main] addtocarthome - Navigating to the URL
[INFO ] 2024-01-19 18:18:36.188 [main] addtocarthome - user searches for sofa
[INFO ] 2024-01-19 18:18:36.551 [main] addtocarthome - Then adds item to cart
[INFO ] 2024-01-19 18:21:26.328 [main] addtocarthome - Navigating to the URL
[INFO ] 2024-01-19 18:21:34.729 [main] addtocarthome - user searches for sofa
[INFO ] 2024-01-19 18:21:34.971 [main] addtocarthome - Then adds item to cart
[INFO ] 2024-01-19 18:21:35.641 [main] addtocarthome - Then removes item from cart
[INFO ] 2024-01-19 18:21:39.891 [main] addtocarthome - Navigating to the URL
[INFO ] 2024-01-19 18:21:45.577 [main] addtocarthome - user searches for sofa
[INFO ] 2024-01-19 18:21:45.833 [main] addtocarthome - Then adds item to cart
[INFO ] 2024-01-19 18:22:46.001 [main] addtocarthome - Navigating to the URL
[INFO ] 2024-01-19 18:22:51.092 [main] addtocarthome - user searches for sofa
[INFO ] 2024-01-19 18:22:51.499 [main] addtocarthome - Then adds item to cart
[INFO ] 2024-01-19 18:22:52.737 [main] addtocarthome - Then removes item from cart
[INFO ] 2024-01-19 18:22:57.009 [main] addtocarthome - Navigating to the URL
[INFO ] 2024-01-19 18:23:00.393 [main] addtocarthome - user searches for sofa
[INFO ] 2024-01-19 18:23:00.773 [main] addtocarthome - Then adds item to cart
[INFO ] 2024-01-19 18:23:55.786 [main] addtocarthome - Navigating to the URL
[INFO ] 2024-01-19 18:24:00.386 [main] addtocarthome - user searches for sofa
[INFO ] 2024-01-19 18:24:00.626 [main] addtocarthome - Then adds item to cart
[INFO ] 2024-01-19 18:24:01.178 [main] addtocarthome - Then removes item from cart
[INFO ] 2024-01-19 18:24:05.558 [main] addtocarthome - Navigating to the URL
[INFO ] 2024-01-19 18:24:08.967 [main] addtocarthome - user searches for sofa
[INFO ] 2024-01-19 18:24:09.188 [main] addtocarthome - Then adds item to cart
[INFO ] 2024-01-19 19:04:15.826 [main] addtocarthome - Navigating to the URL
[INFO ] 2024-01-19 19:04:19.429 [main] addtocarthome - user searches for sofa
[INFO ] 2024-01-19 19:04:20.794 [main] addtocarthome - Navigating to the URL
[INFO ] 2024-01-19 19:04:27.136 [main] addtocarthome - user searches for table
[INFO ] 2024-01-19 19:08:17.748 [main] addtocarthome - Navigating to the URL
[INFO ] 2024-01-19 19:08:21.280 [main] addtocarthome - user searches for sofa
[INFO ] 2024-01-19 19:08:22.691 [main] addtocarthome - Navigating to the URL
[INFO ] 2024-01-19 19:08:26.780 [main] addtocarthome - user searches for table
[INFO ] 2024-01-19 19:11:45.462 [main] addtocarthome - Navigating to the URL
[INFO ] 2024-01-19 19:11:51.940 [main] addtocarthome - user searches for table
[INFO ] 2024-01-19 19:11:53.235 [main] addtocarthome - Navigating to the URL
[INFO ] 2024-01-19 19:11:57.433 [main] addtocarthome - user searches for table
[INFO ] 2024-01-19 19:14:12.872 [main] addtocarthome - Navigating to the URL
[INFO ] 2024-01-19 19:14:25.174 [main] addtocarthome - Navigating to the URL
[INFO ] 2024-01-19 19:14:31.163 [main] addtocarthome - user searches for sofa
[INFO ] 2024-01-19 19:14:53.157 [main] addtocarthome - Navigating to the URL
[INFO ] 2024-01-19 19:14:56.373 [main] addtocarthome - user searches for sofa
[INFO ] 2024-01-19 19:14:57.668 [main] addtocarthome - Navigating to the URL
[INFO ] 2024-01-19 19:15:02.461 [main] addtocarthome - user searches for sofa
[INFO ] 2024-01-19 19:15:57.778 [main] addtocarthome - Navigating to the URL
[INFO ] 2024-01-19 19:16:05.211 [main] addtocarthome - user searches for sofa
[INFO ] 2024-01-19 19:16:09.616 [main] addtocarthome - Navigating to the URL
[INFO ] 2024-01-19 19:16:12.649 [main] addtocarthome - user searches for sofa
[INFO ] 2024-01-19 19:17:04.954 [main] addtocarthome - Navigating to the URL
[INFO ] 2024-01-19 19:17:09.204 [main] addtocarthome - user searches for sofa
[INFO ] 2024-01-19 19:17:10.575 [main] addtocarthome - Navigating to the URL
[INFO ] 2024-01-19 19:17:12.521 [main] addtocarthome - user searches for sofa
[INFO ] 2024-01-19 19:19:16.744 [main] addtocarthome - Navigating to the URL
[INFO ] 2024-01-19 19:19:22.353 [main] addtocarthome - user searches for sofa
[INFO ] 2024-01-19 19:19:29.730 [main] addtocarthome - Then adds item to cart
[INFO ] 2024-01-19 19:19:35.295 [main] addtocarthome - Navigating to the URL
[INFO ] 2024-01-19 19:19:37.572 [main] addtocarthome - user searches for sofa
[INFO ] 2024-01-19 19:20:46.893 [main] addtocarthome - Navigating to the URL
[INFO ] 2024-01-19 19:20:53.262 [main] addtocarthome - user searches for sofa
[INFO ] 2024-01-19 19:20:57.798 [main] addtocarthome - Then adds item to cart
[INFO ] 2024-01-19 19:20:57.890 [main] addtocarthome - Then removes item from cart
[INFO ] 2024-01-19 19:21:02.162 [main] addtocarthome - Navigating to the URL
[INFO ] 2024-01-19 19:21:05.494 [main] addtocarthome - user searches for sofa
[INFO ] 2024-01-19 19:21:08.064 [main] addtocarthome - Then adds item to cart
[INFO ] 2024-01-19 19:21:59.686 [main] addtocarthome - Navigating to the URL
[INFO ] 2024-01-19 19:22:04.635 [main] addtocarthome - user searches for sofa
[INFO ] 2024-01-19 19:22:07.603 [main] addtocarthome - Then adds item to cart
[INFO ] 2024-01-19 19:22:07.728 [main] addtocarthome - Then removes item from cart
[INFO ] 2024-01-19 19:22:11.846 [main] addtocarthome - Navigating to the URL
[INFO ] 2024-01-19 19:22:15.800 [main] addtocarthome - user searches for sofa
[INFO ] 2024-01-19 19:22:17.905 [main] addtocarthome - Then adds item to cart
[INFO ] 2024-01-19 19:22:38.528 [main] addtocarthome - Navigating to the URL
[INFO ] 2024-01-19 19:22:41.644 [main] addtocarthome - user searches for sofa
[INFO ] 2024-01-19 19:22:45.470 [main] addtocarthome - Then adds item to cart
[INFO ] 2024-01-19 19:22:45.603 [main] addtocarthome - Then removes item from cart
[INFO ] 2024-01-19 19:22:49.865 [main] addtocarthome - Navigating to the URL
[INFO ] 2024-01-19 19:22:54.996 [main] addtocarthome - user searches for sofa
[INFO ] 2024-01-19 19:22:56.907 [main] addtocarthome - Then adds item to cart
[INFO ] 2024-01-19 19:27:17.539 [main] addtocarthome - Navigating to the URL
[INFO ] 2024-01-19 19:27:21.274 [main] addtocarthome - user searches for sofa
[INFO ] 2024-01-19 19:27:22.909 [main] addtocarthome - Navigating to the URL
[INFO ] 2024-01-19 19:27:26.821 [main] addtocarthome - user searches for sofa
[INFO ] 2024-01-19 19:28:10.528 [main] addtocarthome - Navigating to the URL
[INFO ] 2024-01-19 19:28:14.416 [main] addtocarthome - user searches for sofa
[INFO ] 2024-01-19 19:28:15.759 [main] addtocarthome - Navigating to the URL
[INFO ] 2024-01-19 19:28:24.789 [main] addtocarthome - user searches for sofa
[INFO ] 2024-01-19 19:28:45.786 [main] addtocarthome - Navigating to the URL
[INFO ] 2024-01-19 19:28:51.253 [main] addtocarthome - user searches for sofa
[INFO ] 2024-01-19 19:28:52.584 [main] addtocarthome - Navigating to the URL
[INFO ] 2024-01-19 19:28:56.316 [main] addtocarthome - user searches for sofa
[INFO ] 2024-01-19 19:31:07.474 [main] addtocarthome - Navigating to the URL
[INFO ] 2024-01-19 19:31:14.256 [main] addtocarthome - user searches for sofa
[INFO ] 2024-01-19 19:31:18.658 [main] addtocarthome - Navigating to the URL
[INFO ] 2024-01-19 19:31:22.458 [main] addtocarthome - user searches for sofa
[INFO ] 2024-01-19 19:32:18.679 [main] addtocarthome - Navigating to the URL
[INFO ] 2024-01-19 19:32:23.849 [main] addtocarthome - user searches for sofa
[INFO ] 2024-01-19 19:32:25.096 [main] addtocarthome - Navigating to the URL
[INFO ] 2024-01-19 19:32:28.641 [main] addtocarthome - user searches for sofa
[INFO ] 2024-01-19 19:34:16.792 [main] addtocarthome - Navigating to the URL
[INFO ] 2024-01-19 19:34:24.976 [main] addtocarthome - user searches for sofa
[INFO ] 2024-01-19 19:34:28.253 [main] addtocarthome - Navigating to the URL
[INFO ] 2024-01-19 19:34:33.431 [main] addtocarthome - user searches for sofa
[INFO ] 2024-01-19 19:35:15.390 [main] addtocarthome - Navigating to the URL
[INFO ] 2024-01-19 19:35:23.243 [main] addtocarthome - user searches for sofa
[INFO ] 2024-01-19 19:35:26.572 [main] addtocarthome - Navigating to the URL
[INFO ] 2024-01-19 19:35:32.058 [main] addtocarthome - user searches for sofa
[INFO ] 2024-01-19 19:37:37.081 [main] addtocarthome - Navigating to the URL
[INFO ] 2024-01-19 19:37:42.837 [main] addtocarthome - user searches for sofa
[INFO ] 2024-01-19 19:37:45.139 [main] addtocarthome - Then adds item to cart
[INFO ] 2024-01-19 19:37:49.898 [main] addtocarthome - Navigating to the URL
[INFO ] 2024-01-19 19:37:53.846 [main] addtocarthome - user searches for sofa
[INFO ] 2024-01-19 19:37:56.376 [main] addtocarthome - Then adds item to cart
[INFO ] 2024-01-19 19:39:19.025 [main] addtocarthome - Navigating to the URL
[INFO ] 2024-01-19 19:39:27.597 [main] addtocarthome - user searches for sofa
[INFO ] 2024-01-19 19:39:27.861 [main] addtocarthome - Then adds item to cart
[INFO ] 2024-01-19 19:39:30.132 [main] addtocarthome - Then removes item from cart
[INFO ] 2024-01-19 19:39:34.257 [main] addtocarthome - Navigating to the URL
[INFO ] 2024-01-19 19:39:39.669 [main] addtocarthome - user searches for sofa
[INFO ] 2024-01-19 19:39:39.900 [main] addtocarthome - Then adds item to cart
[INFO ] 2024-01-19 19:40:12.761 [main] addtocarthome - Navigating to the URL
[INFO ] 2024-01-19 19:40:17.050 [main] addtocarthome - user searches for sofa
[INFO ] 2024-01-19 19:40:17.276 [main] addtocarthome - Then adds item to cart
[INFO ] 2024-01-19 19:40:19.542 [main] addtocarthome - Then removes item from cart
[INFO ] 2024-01-19 19:40:23.781 [main] addtocarthome - Navigating to the URL
[INFO ] 2024-01-19 19:40:32.391 [main] addtocarthome - user searches for sofa
[INFO ] 2024-01-19 19:40:32.706 [main] addtocarthome - Then adds item to cart
[INFO ] 2024-01-19 19:48:18.267 [main] addtocarthome - Navigating to the URL
[INFO ] 2024-01-19 19:48:23.503 [main] addtocarthome - user searches for sofa
[INFO ] 2024-01-19 19:48:24.189 [main] addtocarthome - Then adds item to cart
[INFO ] 2024-01-19 19:48:26.395 [main] addtocarthome - Then removes item from cart
[INFO ] 2024-01-19 19:48:30.743 [main] addtocarthome - Navigating to the URL
[INFO ] 2024-01-19 19:48:34.281 [main] addtocarthome - user searches for sofa
[INFO ] 2024-01-19 19:48:34.713 [main] addtocarthome - Then adds item to cart
[INFO ] 2024-01-19 20:02:08.002 [main] addtocarthome - Navigating to the URL
[INFO ] 2024-01-19 20:02:13.048 [main] addtocarthome - user searches for sofa
[INFO ] 2024-01-19 20:02:13.272 [main] addtocarthome - Then adds item to cart
[INFO ] 2024-01-19 20:02:15.526 [main] addtocarthome - Then removes item from cart
[INFO ] 2024-01-19 20:02:19.806 [main] addtocarthome - Navigating to the URL
[INFO ] 2024-01-19 20:02:26.038 [main] addtocarthome - user searches for sofa
[INFO ] 2024-01-19 20:02:26.383 [main] addtocarthome - Then adds item to cart
[INFO ] 2024-01-19 20:07:49.743 [main] addtocarthome - Navigating to the URL
[INFO ] 2024-01-19 20:07:58.966 [main] addtocarthome - user searches for sofa
[INFO ] 2024-01-19 20:07:59.202 [main] addtocarthome - Then adds item to cart
[INFO ] 2024-01-19 20:08:01.346 [main] addtocarthome - Then removes item from cart
[INFO ] 2024-01-19 20:08:05.368 [main] addtocarthome - Navigating to the URL
[INFO ] 2024-01-19 20:08:10.420 [main] addtocarthome - user searches for sofa
[INFO ] 2024-01-19 20:08:10.746 [main] addtocarthome - Then adds item to cart
[INFO ] 2024-01-19 20:08:13.963 [main] addtocarthome - Navigating to the URL
[INFO ] 2024-01-19 20:08:17.409 [main] addtocarthome - user searches for sofa
[INFO ] 2024-01-19 20:08:17.809 [main] addtocarthome - Then adds item to cart
[INFO ] 2024-01-19 20:18:06.011 [main] addtocarthome - Navigating to the URL
[INFO ] 2024-01-19 20:18:11.107 [main] addtocarthome - user searches for sofa
[INFO ] 2024-01-19 20:18:11.237 [main] addtocarthome - Then adds item to cart
[INFO ] 2024-01-19 20:18:17.722 [main] addtocarthome - Then removes item from cart
[INFO ] 2024-01-19 20:18:21.531 [main] addtocarthome - Navigating to the URL
[INFO ] 2024-01-19 20:18:27.755 [main] addtocarthome - user searches for sofa
[INFO ] 2024-01-19 20:18:27.935 [main] addtocarthome - Then adds item to cart
[INFO ] 2024-01-19 20:18:30.825 [main] addtocarthome - Navigating to the URL
[INFO ] 2024-01-19 20:19:20.842 [main] addtocarthome - user searches for sofa2
[INFO ] 2024-01-19 20:19:20.994 [main] addtocarthome - Then adds item to cart
[INFO ] 2024-01-19 20:20:57.480 [main] addtocarthome - Navigating to the URL
[INFO ] 2024-01-19 20:21:00.961 [main] addtocarthome - user searches for sofa
[INFO ] 2024-01-19 20:21:01.142 [main] addtocarthome - Then adds item to cart
[INFO ] 2024-01-19 20:21:03.260 [main] addtocarthome - Then removes item from cart
[INFO ] 2024-01-19 20:21:07.073 [main] addtocarthome - Navigating to the URL
[INFO ] 2024-01-19 20:21:09.968 [main] addtocarthome - user searches for sofa
[INFO ] 2024-01-19 20:21:10.153 [main] addtocarthome - Then adds item to cart
[INFO ] 2024-01-19 20:21:16.040 [main] addtocarthome - Navigating to the URL
[INFO ] 2024-01-19 20:21:30.482 [main] addtocarthome - user searches for sofa2
[INFO ] 2024-01-19 20:21:30.652 [main] addtocarthome - Then adds item to cart
[INFO ] 2024-01-19 20:22:04.496 [main] addtocarthome - Navigating to the URL
[INFO ] 2024-01-19 20:22:07.832 [main] addtocarthome - user searches for sofa
[INFO ] 2024-01-19 20:22:08.016 [main] addtocarthome - Then adds item to cart
[INFO ] 2024-01-19 20:22:14.753 [main] addtocarthome - Then removes item from cart
[INFO ] 2024-01-19 20:22:18.597 [main] addtocarthome - Navigating to the URL
[INFO ] 2024-01-19 20:22:21.993 [main] addtocarthome - user searches for sofa
[INFO ] 2024-01-19 20:22:22.170 [main] addtocarthome - Then adds item to cart
[INFO ] 2024-01-19 20:22:25.068 [main] addtocarthome - Navigating to the URL
[INFO ] 2024-01-19 20:22:28.938 [main] addtocarthome - user searches for sofa2
[INFO ] 2024-01-19 20:22:29.156 [main] addtocarthome - Then adds item to cart
[INFO ] 2024-01-19 20:32:03.776 [main] addtocarthome - Navigating to the URL
[INFO ] 2024-01-19 20:32:12.953 [main] addtocarthome - user searches for sofa
[INFO ] 2024-01-19 20:32:13.148 [main] addtocarthome - Then adds item to cart
[INFO ] 2024-01-19 20:32:15.249 [main] addtocarthome - Then removes item from cart
[INFO ] 2024-01-19 20:32:19.114 [main] addtocarthome - Navigating to the URL
[INFO ] 2024-01-19 20:32:24.525 [main] addtocarthome - user searches for sofa
[INFO ] 2024-01-19 20:32:24.705 [main] addtocarthome - Then adds item to cart
[INFO ] 2024-01-19 20:33:03.380 [main] addtocarthome - Navigating to the URL
[INFO ] 2024-01-19 20:33:09.235 [main] addtocarthome - user searches for sofa
[INFO ] 2024-01-19 20:33:09.383 [main] addtocarthome - Then adds item to cart
[INFO ] 2024-01-19 20:33:14.670 [main] addtocarthome - Then removes item from cart
[INFO ] 2024-01-19 20:33:18.495 [main] addtocarthome - Navigating to the URL
[INFO ] 2024-01-19 20:33:21.963 [main] addtocarthome - user searches for sofa
[INFO ] 2024-01-19 20:33:22.147 [main] addtocarthome - Then adds item to cart
[INFO ] 2024-01-19 20:34:14.776 [main] addtocarthome - Navigating to the URL
[INFO ] 2024-01-19 20:34:19.399 [main] addtocarthome - user searches for sofa
[INFO ] 2024-01-19 20:34:19.577 [main] addtocarthome - Then adds item to cart
[INFO ] 2024-01-19 20:34:21.673 [main] addtocarthome - Then removes item from cart
[INFO ] 2024-01-19 20:34:25.486 [main] addtocarthome - Navigating to the URL
[INFO ] 2024-01-19 20:34:28.676 [main] addtocarthome - user searches for sofa
[INFO ] 2024-01-19 20:34:28.863 [main] addtocarthome - Then adds item to cart
[INFO ] 2024-01-19 20:35:08.201 [main] addtocarthome - Navigating to the URL
[INFO ] 2024-01-19 20:35:11.893 [main] addtocarthome - user searches for sofa
[INFO ] 2024-01-19 20:35:12.083 [main] addtocarthome - Then adds item to cart
[INFO ] 2024-01-19 20:35:14.182 [main] addtocarthome - Then removes item from cart
[INFO ] 2024-01-19 20:35:17.959 [main] addtocarthome - Navigating to the URL
[INFO ] 2024-01-19 20:35:23.911 [main] addtocarthome - user searches for sofa
[INFO ] 2024-01-19 20:35:24.036 [main] addtocarthome - Then adds item to cart
[INFO ] 2024-01-19 20:36:07.751 [main] addtocarthome - Navigating to the URL
[INFO ] 2024-01-19 20:36:20.511 [main] addtocarthome - user searches for sofa
[INFO ] 2024-01-19 20:36:20.655 [main] addtocarthome - Then adds item to cart
[INFO ] 2024-01-19 20:36:22.775 [main] addtocarthome - Then removes item from cart
[INFO ] 2024-01-19 20:36:26.608 [main] addtocarthome - Navigating to the URL
[INFO ] 2024-01-19 20:36:33.043 [main] addtocarthome - user searches for sofa
[INFO ] 2024-01-19 20:36:33.227 [main] addtocarthome - Then adds item to cart
[INFO ] 2024-01-19 20:37:22.451 [main] addtocarthome - Navigating to the URL
[INFO ] 2024-01-19 20:37:58.825 [main] addtocarthome - user searches for sofa
[INFO ] 2024-01-19 20:37:59.644 [main] addtocarthome - Navigating to the URL
[INFO ] 2024-01-19 20:38:03.850 [main] addtocarthome - user searches for sofa
[INFO ] 2024-01-19 20:38:04.042 [main] addtocarthome - Then adds item to cart
[INFO ] 2024-01-19 20:38:22.743 [main] addtocarthome - Navigating to the URL
[INFO ] 2024-01-19 20:38:28.536 [main] addtocarthome - user searches for sofa
[INFO ] 2024-01-19 20:38:28.715 [main] addtocarthome - Then adds item to cart
[INFO ] 2024-01-19 20:38:33.685 [main] addtocarthome - Then removes item from cart
[INFO ] 2024-01-19 20:38:37.516 [main] addtocarthome - Navigating to the URL
[INFO ] 2024-01-19 20:38:42.004 [main] addtocarthome - user searches for sofa
[INFO ] 2024-01-19 20:38:42.185 [main] addtocarthome - Then adds item to cart
[INFO ] 2024-01-19 20:39:06.305 [main] addtocarthome - Navigating to the URL
[INFO ] 2024-01-19 20:39:09.960 [main] addtocarthome - user searches for sofa
[INFO ] 2024-01-19 20:39:10.095 [main] addtocarthome - Then adds item to cart
[INFO ] 2024-01-19 20:39:12.220 [main] addtocarthome - Then removes item from cart
[INFO ] 2024-01-19 20:39:16.075 [main] addtocarthome - Navigating to the URL
[INFO ] 2024-01-19 20:39:20.080 [main] addtocarthome - user searches for sofa
[INFO ] 2024-01-19 20:39:20.237 [main] addtocarthome - Then adds item to cart
[INFO ] 2024-01-19 20:46:59.004 [main] addtocarthome - Navigating to the URL
[INFO ] 2024-01-19 20:48:13.844 [main] addtocarthome - user searches for sofa
[INFO ] 2024-01-19 20:48:14.025 [main] addtocarthome - Then adds item to cart
[INFO ] 2024-01-19 20:48:16.186 [main] addtocarthome - Then removes item from cart
[INFO ] 2024-01-19 20:48:20.206 [main] addtocarthome - Navigating to the URL
[INFO ] 2024-01-19 20:48:25.731 [main] addtocarthome - user searches for sofa
[INFO ] 2024-01-19 20:48:25.889 [main] addtocarthome - Then adds item to cart
[INFO ] 2024-01-19 20:49:14.187 [main] addtocarthome - Navigating to the URL
[INFO ] 2024-01-19 20:49:51.021 [main] addtocarthome - user searches for sofa
[INFO ] 2024-01-19 20:49:51.192 [main] addtocarthome - Then adds item to cart
[INFO ] 2024-01-19 20:49:53.356 [main] addtocarthome - Then removes item from cart
[INFO ] 2024-01-19 20:49:57.482 [main] addtocarthome - Navigating to the URL
[INFO ] 2024-01-19 20:50:42.183 [main] addtocarthome - user searches for sofa
[INFO ] 2024-01-19 20:50:42.363 [main] addtocarthome - Then adds item to cart
[INFO ] 2024-01-19 20:51:57.520 [main] addtocarthome - Navigating to the URL
[INFO ] 2024-01-19 20:52:02.094 [main] addtocarthome - user searches for sofa
[INFO ] 2024-01-19 20:52:02.259 [main] addtocarthome - Then adds item to cart
[INFO ] 2024-01-19 20:52:04.386 [main] addtocarthome - Then removes item from cart
[INFO ] 2024-01-19 20:52:08.506 [main] addtocarthome - Navigating to the URL
[INFO ] 2024-01-19 20:52:12.578 [main] addtocarthome - user searches for sofa
[INFO ] 2024-01-19 20:52:12.803 [main] addtocarthome - Then adds item to cart
[INFO ] 2024-01-19 20:52:16.017 [main] addtocarthome - Navigating to the URL
[INFO ] 2024-01-19 20:54:40.631 [main] addtocarthome - Navigating to the URL
[INFO ] 2024-01-19 20:54:45.321 [main] addtocarthome - user searches for sofa
[INFO ] 2024-01-19 20:54:45.537 [main] addtocarthome - Then adds item to cart
[INFO ] 2024-01-19 20:54:47.712 [main] addtocarthome - Then removes item from cart
[INFO ] 2024-01-19 20:54:51.850 [main] addtocarthome - Navigating to the URL
[INFO ] 2024-01-19 20:54:56.545 [main] addtocarthome - user searches for sofa
[INFO ] 2024-01-19 20:54:56.722 [main] addtocarthome - Then adds item to cart
[INFO ] 2024-01-19 20:54:59.928 [main] addtocarthome - Navigating to the URL
[INFO ] 2024-01-19 20:55:04.030 [main] addtocarthome - user searches for table
[INFO ] 2024-01-19 20:55:04.297 [main] addtocarthome - Then adds item to cart
[INFO ] 2024-01-19 20:58:09.729 [main] addtocarthome - Navigating to the URL
[INFO ] 2024-01-19 20:58:23.403 [main] addtocarthome - user searches for sofa
[INFO ] 2024-01-19 20:58:23.578 [main] addtocarthome - Then adds item to cart
[INFO ] 2024-01-19 20:58:29.911 [main] addtocarthome - Then removes item from cart
[INFO ] 2024-01-19 20:58:33.965 [main] addtocarthome - Navigating to the URL
[INFO ] 2024-01-19 20:58:41.001 [main] addtocarthome - user searches for sofa
[INFO ] 2024-01-19 20:58:41.165 [main] addtocarthome - Then adds item to cart
[INFO ] 2024-01-19 20:58:44.577 [main] addtocarthome - Navigating to the URL
[INFO ] 2024-01-19 20:59:15.738 [main] addtocarthome - user searches for table
[INFO ] 2024-01-19 20:59:16.129 [main] addtocarthome - Then adds item to cart
[INFO ] 2024-01-19 21:03:20.741 [main] addtocarthome - Navigating to the URL
[INFO ] 2024-01-19 21:03:24.341 [main] addtocarthome - user searches for sofa
[INFO ] 2024-01-19 21:03:24.507 [main] addtocarthome - Then adds item to cart
[INFO ] 2024-01-19 21:03:26.637 [main] addtocarthome - Then removes item from cart
[INFO ] 2024-01-19 21:03:30.745 [main] addtocarthome - Navigating to the URL
[INFO ] 2024-01-19 21:03:34.247 [main] addtocarthome - user searches for sofa
[INFO ] 2024-01-19 21:03:34.438 [main] addtocarthome - Then adds item to cart
[INFO ] 2024-01-19 21:03:40.497 [main] addtocarthome - Navigating to the URL
[INFO ] 2024-01-19 21:04:14.277 [main] addtocarthome - user searches for table
[INFO ] 2024-01-19 21:05:56.291 [main] addtocarthome - Navigating to the URL
[INFO ] 2024-01-19 21:06:01.642 [main] addtocarthome - user searches for sofa
[INFO ] 2024-01-19 21:06:01.812 [main] addtocarthome - Then adds item to cart
[INFO ] 2024-01-19 21:06:03.981 [main] addtocarthome - Then removes item from cart
[INFO ] 2024-01-19 21:06:08.099 [main] addtocarthome - Navigating to the URL
[INFO ] 2024-01-19 21:06:11.762 [main] addtocarthome - user searches for sofa
[INFO ] 2024-01-19 21:06:11.937 [main] addtocarthome - Then adds item to cart
[INFO ] 2024-01-19 21:06:15.010 [main] addtocarthome - Navigating to the URL
[INFO ] 2024-01-19 21:06:18.078 [main] addtocarthome - user searches for table
[INFO ] 2024-01-19 21:19:03.045 [main] addtocarthome - Navigating to the URL
[INFO ] 2024-01-19 21:19:08.081 [main] addtocarthome - user searches for sofa
[INFO ] 2024-01-19 21:19:08.324 [main] addtocarthome - Then adds item to cart
[INFO ] 2024-01-19 21:19:10.600 [main] addtocarthome - Then removes item from cart
[INFO ] 2024-01-19 21:19:15.391 [main] addtocarthome - Navigating to the URL
[INFO ] 2024-01-19 21:19:19.831 [main] addtocarthome - user searches for sofa
[INFO ] 2024-01-19 21:19:20.575 [main] addtocarthome - Then adds item to cart
[INFO ] 2024-01-19 21:19:24.119 [main] addtocarthome - Navigating to the URL
[INFO ] 2024-01-19 21:19:33.702 [main] addtocarthome - user searches for table
[INFO ] 2024-01-19 21:20:53.437 [main] addtocarthome - Navigating to the URL
[INFO ] 2024-01-19 21:20:57.917 [main] addtocarthome - user searches for sofa
[INFO ] 2024-01-19 21:20:58.165 [main] addtocarthome - Then adds item to cart
[INFO ] 2024-01-19 21:21:00.410 [main] addtocarthome - Then removes item from cart
[INFO ] 2024-01-19 21:21:04.952 [main] addtocarthome - Navigating to the URL
[INFO ] 2024-01-19 21:21:08.926 [main] addtocarthome - user searches for sofa
[INFO ] 2024-01-19 21:21:09.553 [main] addtocarthome - Then adds item to cart
[INFO ] 2024-01-19 21:21:13.098 [main] addtocarthome - Navigating to the URL
[INFO ] 2024-01-19 21:21:18.428 [main] addtocarthome - user searches for table
[INFO ] 2024-01-19 21:23:51.817 [main] addtocarthome - Navigating to the URL
[INFO ] 2024-01-19 21:23:57.005 [main] addtocarthome - user searches for sofa
[INFO ] 2024-01-19 21:23:57.493 [main] addtocarthome - Then adds item to cart
[INFO ] 2024-01-19 21:23:59.790 [main] addtocarthome - Then removes item from cart
[INFO ] 2024-01-19 21:24:04.455 [main] addtocarthome - Navigating to the URL
[INFO ] 2024-01-19 21:24:07.952 [main] addtocarthome - user searches for sofa
[INFO ] 2024-01-19 21:24:08.290 [main] addtocarthome - Then adds item to cart
[INFO ] 2024-01-19 21:24:11.898 [main] addtocarthome - Navigating to the URL
[INFO ] 2024-01-19 21:24:16.920 [main] addtocarthome - user searches for table
[INFO ] 2024-01-19 21:26:35.755 [main] addtocarthome - Navigating to the URL
[INFO ] 2024-01-19 21:26:40.033 [main] addtocarthome - user searches for sofa
[INFO ] 2024-01-19 21:26:40.743 [main] addtocarthome - Then adds item to cart
[INFO ] 2024-01-19 21:26:45.251 [main] addtocarthome - Navigating to the URL
[INFO ] 2024-01-19 21:26:52.276 [main] addtocarthome - user searches for sofa
[INFO ] 2024-01-19 21:26:53.550 [main] addtocarthome - Then adds item to cart
[INFO ] 2024-01-19 21:26:58.080 [main] addtocarthome - Navigating to the URL
[INFO ] 2024-01-19 21:27:27.696 [main] addtocarthome - user searches for table
[INFO ] 2024-01-19 21:32:21.553 [main] addtocarthome - Navigating to the URL
[INFO ] 2024-01-19 21:32:25.809 [main] addtocarthome - user searches for sofa
[INFO ] 2024-01-19 21:32:27.388 [main] addtocarthome - Then adds item to cart
[INFO ] 2024-01-19 21:32:29.565 [main] addtocarthome - Then removes item from cart
[INFO ] 2024-01-19 21:32:34.243 [main] addtocarthome - Navigating to the URL
[INFO ] 2024-01-19 21:32:37.641 [main] addtocarthome - user searches for sofa
[INFO ] 2024-01-19 21:32:38.083 [main] addtocarthome - Then adds item to cart
[INFO ] 2024-01-19 21:32:41.856 [main] addtocarthome - Navigating to the URL
[INFO ] 2024-01-19 21:33:17.566 [main] addtocarthome - user searches for chair
[INFO ] 2024-01-19 21:38:32.013 [main] addtocarthome - Navigating to the URL
[INFO ] 2024-01-19 21:38:38.840 [main] addtocarthome - user searches for sofa
[INFO ] 2024-01-19 21:38:39.134 [main] addtocarthome - Then adds item to cart
[INFO ] 2024-01-19 21:38:41.364 [main] addtocarthome - Then removes item from cart
[INFO ] 2024-01-19 21:38:45.815 [main] addtocarthome - Navigating to the URL
[INFO ] 2024-01-19 21:38:50.174 [main] addtocarthome - user searches for sofa
[INFO ] 2024-01-19 21:38:50.634 [main] addtocarthome - Then adds item to cart
[INFO ] 2024-01-19 21:38:54.228 [main] addtocarthome - Navigating to the URL
[INFO ] 2024-01-19 21:38:57.871 [main] addtocarthome - user searches for chair
[INFO ] 2024-01-19 21:40:42.472 [main] addtocarthome - Navigating to the URL
[INFO ] 2024-01-19 21:40:50.327 [main] addtocarthome - user searches for sofa
[INFO ] 2024-01-19 21:40:50.569 [main] addtocarthome - Then adds item to cart
[INFO ] 2024-01-19 21:40:52.803 [main] addtocarthome - Then removes item from cart
[INFO ] 2024-01-19 21:40:57.327 [main] addtocarthome - Navigating to the URL
[INFO ] 2024-01-19 21:41:01.791 [main] addtocarthome - user searches for sofa
[INFO ] 2024-01-19 21:41:02.037 [main] addtocarthome - Then adds item to cart
[INFO ] 2024-01-19 21:41:05.616 [main] addtocarthome - Navigating to the URL
[INFO ] 2024-01-19 21:41:11.153 [main] addtocarthome - user searches for chair
[INFO ] 2024-01-19 21:46:37.092 [main] addtocarthome - Navigating to the URL
[INFO ] 2024-01-19 21:46:37.443 [main] addtocarthome - user searches for sofa
[INFO ] 2024-01-19 21:46:38.539 [main] addtocarthome - Navigating to the URL
[INFO ] 2024-01-19 21:46:42.999 [main] addtocarthome - user searches for sofa
[INFO ] 2024-01-19 21:46:43.260 [main] addtocarthome - Then adds item to cart
[INFO ] 2024-01-19 21:46:46.821 [main] addtocarthome - Navigating to the URL
[INFO ] 2024-01-19 21:46:50.000 [main] addtocarthome - user searches for chair
[INFO ] 2024-01-19 21:50:02.665 [main] addtocarthome - Navigating to the URL
[INFO ] 2024-01-19 21:50:07.771 [main] addtocarthome - user searches for sofa
[INFO ] 2024-01-19 21:50:07.999 [main] addtocarthome - Then adds item to cart
[INFO ] 2024-01-19 21:50:10.252 [main] addtocarthome - Then removes item from cart
[INFO ] 2024-01-19 21:50:14.458 [main] addtocarthome - Navigating to the URL
[INFO ] 2024-01-19 21:50:18.833 [main] addtocarthome - user searches for sofa
[INFO ] 2024-01-19 21:50:19.207 [main] addtocarthome - Then adds item to cart
[INFO ] 2024-01-19 22:03:00.674 [main] addtocarthome - Navigating to the URL
[INFO ] 2024-01-19 22:03:04.253 [main] addtocarthome - user searches for sofa
[INFO ] 2024-01-19 22:03:04.595 [main] addtocarthome - Then adds item to cart
[INFO ] 2024-01-19 22:03:06.760 [main] addtocarthome - Then removes item from cart
[INFO ] 2024-01-19 22:03:10.939 [main] addtocarthome - Navigating to the URL
[INFO ] 2024-01-19 22:03:14.931 [main] addtocarthome - user searches for sofa
[INFO ] 2024-01-19 22:03:15.187 [main] addtocarthome - Then adds item to cart
